Determining if the pthread_create exist failed with the following output:
Change Dir: /mnt/c/Users/Pope_Guo/Desktop/miniob/OCBase/build/CMakeFiles/CMakeTmp

Run Build Command:"/usr/bin/make" "cmTC_8bceb/fast"
/usr/bin/make -f CMakeFiles/cmTC_8bceb.dir/build.make CMakeFiles/cmTC_8bceb.dir/build
make[1]: Entering directory '/mnt/c/Users/Pope_Guo/Desktop/miniob/OCBase/build/CMakeFiles/CMakeTmp'
Building C object CMakeFiles/cmTC_8bceb.dir/CheckSymbolExists.c.o
/usr/bin/x86_64-linux-gnu-gcc-7   -Wall -DCMAKE_EXPORT_COMPILE_COMMANDS=1  -O2 -g     -o CMakeFiles/cmTC_8bceb.dir/CheckSymbolExists.c.o   -c /mnt/c/Users/Pope_Guo/Desktop/miniob/OCBase/build/CMakeFiles/CMakeTmp/CheckSymbolExists.c
Linking C executable cmTC_8bceb
/usr/bin/cmake -E cmake_link_script CMakeFiles/cmTC_8bceb.dir/link.txt --verbose=1
/usr/bin/x86_64-linux-gnu-gcc-7  -Wall -DCMAKE_EXPORT_COMPILE_COMMANDS=1  -O2 -g      CMakeFiles/cmTC_8bceb.dir/CheckSymbolExists.c.o  -o cmTC_8bceb 
CMakeFiles/cmTC_8bceb.dir/CheckSymbolExists.c.o: In function `main':
/mnt/c/Users/Pope_Guo/Desktop/miniob/OCBase/build/CMakeFiles/CMakeTmp/CheckSymbolExists.c:8: undefined reference to `pthread_create'
collect2: error: ld returned 1 exit status
CMakeFiles/cmTC_8bceb.dir/build.make:97: recipe for target 'cmTC_8bceb' failed
make[1]: *** [cmTC_8bceb] Error 1
make[1]: Leaving directory '/mnt/c/Users/Pope_Guo/Desktop/miniob/OCBase/build/CMakeFiles/CMakeTmp'
Makefile:126: recipe for target 'cmTC_8bceb/fast' failed
make: *** [cmTC_8bceb/fast] Error 2

File /mnt/c/Users/Pope_Guo/Desktop/miniob/OCBase/build/CMakeFiles/CMakeTmp/CheckSymbolExists.c:
/* */
#include <pthread.h>

int main(int argc, char** argv)
{
  (void)argv;
#ifndef pthread_create
  return ((int*)(&pthread_create))[argc];
#else
  (void)argc;
  return 0;
#endif
}

Determining if the function pthread_create exists in the pthreads failed with the following output:
Change Dir: /mnt/c/Users/Pope_Guo/Desktop/miniob/OCBase/build/CMakeFiles/CMakeTmp

Run Build Command:"/usr/bin/make" "cmTC_3c8b8/fast"
/usr/bin/make -f CMakeFiles/cmTC_3c8b8.dir/build.make CMakeFiles/cmTC_3c8b8.dir/build
make[1]: Entering directory '/mnt/c/Users/Pope_Guo/Desktop/miniob/OCBase/build/CMakeFiles/CMakeTmp'
Building C object CMakeFiles/cmTC_3c8b8.dir/CheckFunctionExists.c.o
/usr/bin/x86_64-linux-gnu-gcc-7   -Wall -DCMAKE_EXPORT_COMPILE_COMMANDS=1  -O2 -g  -DCHECK_FUNCTION_EXISTS=pthread_create   -o CMakeFiles/cmTC_3c8b8.dir/CheckFunctionExists.c.o   -c /usr/share/cmake-3.10/Modules/CheckFunctionExists.c
Linking C executable cmTC_3c8b8
/usr/bin/cmake -E cmake_link_script CMakeFiles/cmTC_3c8b8.dir/link.txt --verbose=1
/usr/bin/x86_64-linux-gnu-gcc-7  -Wall -DCMAKE_EXPORT_COMPILE_COMMANDS=1  -O2 -g  -DCHECK_FUNCTION_EXISTS=pthread_create    CMakeFiles/cmTC_3c8b8.dir/CheckFunctionExists.c.o  -o cmTC_3c8b8 -lpthreads 
/usr/bin/ld: cannot find -lpthreads
collect2: error: ld returned 1 exit status
CMakeFiles/cmTC_3c8b8.dir/build.make:97: recipe for target 'cmTC_3c8b8' failed
make[1]: *** [cmTC_3c8b8] Error 1
make[1]: Leaving directory '/mnt/c/Users/Pope_Guo/Desktop/miniob/OCBase/build/CMakeFiles/CMakeTmp'
Makefile:126: recipe for target 'cmTC_3c8b8/fast' failed
make: *** [cmTC_3c8b8/fast] Error 2


